Unsupposrted library path: C:\mywork\ChocoTweak\libs\README.md
Unsupposrted library path: C:\mywork\ChocoTweak\build\classes\java\api
Unsupposrted library path: C:\mywork\ChocoTweak\build\resources\api
Symbol range map extraction starting
Processing 186 files
startProcessing "com/chocotweak/ChocoTweak.java" md5: 783edb35a2152daf2368fcdd86688064
endProcessing "com/chocotweak/ChocoTweak.java"

startProcessing "com/chocotweak/ClientProxy.java" md5: 00bb1a0ad85b67bc18ac2f37bf746f03
endProcessing "com/chocotweak/ClientProxy.java"

startProcessing "com/chocotweak/api/IShieldAttackItem.java" md5: 9cb10ea11cc0935baa612094a31c5652
endProcessing "com/chocotweak/api/IShieldAttackItem.java"

startProcessing "com/chocotweak/bedrock/animation/BedrockAnimation.java" md5: e6426d0a59b9a47a779d70d8befb52b3
endProcessing "com/chocotweak/bedrock/animation/BedrockAnimation.java"

startProcessing "com/chocotweak/bedrock/animation/BedrockAnimationLoader.java" md5: d4f6cfa61f7e16914ed670ed8a0fefd6
endProcessing "com/chocotweak/bedrock/animation/BedrockAnimationLoader.java"

startProcessing "com/chocotweak/bedrock/animation/BedrockBoneAnimation.java" md5: 4c555977cb21bd688300d3147296c284
endProcessing "com/chocotweak/bedrock/animation/BedrockBoneAnimation.java"

startProcessing "com/chocotweak/bedrock/animation/BedrockKeyframe.java" md5: 52cffec317dadded5268e5f4f8ca7647
endProcessing "com/chocotweak/bedrock/animation/BedrockKeyframe.java"

startProcessing "com/chocotweak/bedrock/config/BedrockNpcConfig.java" md5: 031835118ffa6fa0488aa3e8717f2f57
endProcessing "com/chocotweak/bedrock/config/BedrockNpcConfig.java"

startProcessing "com/chocotweak/bedrock/entity/EasterEggAnimController.java" md5: 34fdf7d4373a0ff5b3cbf0fc0912665a
endProcessing "com/chocotweak/bedrock/entity/EasterEggAnimController.java"

startProcessing "com/chocotweak/bedrock/entity/EasterEggAnimState.java" md5: 986df2a8bd1b851a0474b07798ddb27e
endProcessing "com/chocotweak/bedrock/entity/EasterEggAnimState.java"

startProcessing "com/chocotweak/bedrock/entity/IEasterEggCapable.java" md5: 17423c6a686f1d30a4ff2a621333ccf5
endProcessing "com/chocotweak/bedrock/entity/IEasterEggCapable.java"

startProcessing "com/chocotweak/bedrock/handler/DialogReactionHandler.java" md5: 831fc5710e5e122b1f496f10079e0868
endProcessing "com/chocotweak/bedrock/handler/DialogReactionHandler.java"

startProcessing "com/chocotweak/bedrock/handler/EasterEggTrackingHandler.java" md5: 9d78415ccca02b95ce3f6d8477729c1a
endProcessing "com/chocotweak/bedrock/handler/EasterEggTrackingHandler.java"

startProcessing "com/chocotweak/bedrock/model/BedrockBone.java" md5: b517a8708e81f5d7fdd3bb7140c79abf
endProcessing "com/chocotweak/bedrock/model/BedrockBone.java"

startProcessing "com/chocotweak/bedrock/model/BedrockCube.java" md5: 2a2572c87714eaa35745c580b0118243
endProcessing "com/chocotweak/bedrock/model/BedrockCube.java"

startProcessing "com/chocotweak/bedrock/model/BedrockModel.java" md5: 3931c4dc1518bc113233bca56b473851
endProcessing "com/chocotweak/bedrock/model/BedrockModel.java"

startProcessing "com/chocotweak/bedrock/model/BedrockModelLoader.java" md5: 30b866cabc8b1dc51d8162c8a218f9c1
endProcessing "com/chocotweak/bedrock/model/BedrockModelLoader.java"

startProcessing "com/chocotweak/bedrock/render/BedrockModelCache.java" md5: 4639a6ff7044257e1a93a626720272b5
endProcessing "com/chocotweak/bedrock/render/BedrockModelCache.java"

startProcessing "com/chocotweak/bedrock/render/BedrockModelRenderer.java" md5: a9c3a7795c3862d08530242c4c12c930
endProcessing "com/chocotweak/bedrock/render/BedrockModelRenderer.java"

startProcessing "com/chocotweak/client/AccessoryRenderLayer.java" md5: c37d9bcce4be990c95a2ea0a588afaa1
endProcessing "com/chocotweak/client/AccessoryRenderLayer.java"

startProcessing "com/chocotweak/client/ArmorTooltipHandler.java" md5: ce37815f7847ad26a978bcdd89f5b907
endProcessing "com/chocotweak/client/ArmorTooltipHandler.java"

startProcessing "com/chocotweak/client/ButtonTranslationHandler.java" md5: f6c883a5bd50da90f2dce60259dd21a3
endProcessing "com/chocotweak/client/ButtonTranslationHandler.java"

startProcessing "com/chocotweak/client/ChocoTweakClientInit.java" md5: a16ff20b93bc7087cb09b72c0494aa08
endProcessing "com/chocotweak/client/ChocoTweakClientInit.java"

startProcessing "com/chocotweak/client/GuiTranslationHandler.java" md5: c1e2486fe812d28196d463fdb3ab0484
endProcessing "com/chocotweak/client/GuiTranslationHandler.java"

startProcessing "com/chocotweak/client/ScouterTargetingSystem.java" md5: 6014cc33cbfdd6f0c24fa23cde732412
endProcessing "com/chocotweak/client/ScouterTargetingSystem.java"

startProcessing "com/chocotweak/client/SpellSlotSwitchHandler.java" md5: cad7c952c41dd9fcc1710e3cbbd143c0
endProcessing "com/chocotweak/client/SpellSlotSwitchHandler.java"

startProcessing "com/chocotweak/client/StaffAutoFireHandler.java" md5: c3ac81648581d6886e394229f111294e
endProcessing "com/chocotweak/client/StaffAutoFireHandler.java"

startProcessing "com/chocotweak/client/WeaponTooltipHandler.java" md5: 58fb7fd4d3c4ea502ad458ab76a36521
endProcessing "com/chocotweak/client/WeaponTooltipHandler.java"

startProcessing "com/chocotweak/command/CommandChocoTweak.java" md5: 9151f51ea873387f2b8236acf4728e81
endProcessing "com/chocotweak/command/CommandChocoTweak.java"

startProcessing "com/chocotweak/command/CommandChocoTweakClient.java" md5: ced13b4b52d677e0be81f43b6f79d23f
endProcessing "com/chocotweak/command/CommandChocoTweakClient.java"

startProcessing "com/chocotweak/command/CommandSpawnEasterEgg.java" md5: ceb55c960efc055c5fe66890e67d60d5
endProcessing "com/chocotweak/command/CommandSpawnEasterEgg.java"

startProcessing "com/chocotweak/command/CommandSpellAwaken.java" md5: 3444218b7688e56aa705c0b69a9acc8d
endProcessing "com/chocotweak/command/CommandSpellAwaken.java"

startProcessing "com/chocotweak/command/StructureUtils.java" md5: 47fec4f927dd59a765ecda66f548675c
endProcessing "com/chocotweak/command/StructureUtils.java"

startProcessing "com/chocotweak/compat/BaublesCompat.java" md5: dccc90e9b6910c6a5e8a21b0417cdbfc
endProcessing "com/chocotweak/compat/BaublesCompat.java"

startProcessing "com/chocotweak/compat/BaublesItemCapability.java" md5: 1688b0dc2ab7280579fcc58b66a95f2e
endProcessing "com/chocotweak/compat/BaublesItemCapability.java"

startProcessing "com/chocotweak/config/CQTweakConfig.java" md5: 9f4c4d1753d901af3c589e479b70acf1
endProcessing "com/chocotweak/config/CQTweakConfig.java"

startProcessing "com/chocotweak/config/EnchantmentNpcConfig.java" md5: 0090bab70b6ac12e216c22edacbad62c
endProcessing "com/chocotweak/config/EnchantmentNpcConfig.java"

startProcessing "com/chocotweak/config/NpcDialogConfig.java" md5: ae0092b48a1f476f78dc53ea244f7c20
endProcessing "com/chocotweak/config/NpcDialogConfig.java"

startProcessing "com/chocotweak/config/TamingConfig.java" md5: 4a9ccc56badabcaaf494774d28f75e1c
endProcessing "com/chocotweak/config/TamingConfig.java"

startProcessing "com/chocotweak/core/AwakementsInitializer.java" md5: 79e902b95437a936cdf80e73e63826e9
endProcessing "com/chocotweak/core/AwakementsInitializer.java"

startProcessing "com/chocotweak/core/AwakementsTransformer.java" md5: 64e4079791935456806f350ab0a7ced7
endProcessing "com/chocotweak/core/AwakementsTransformer.java"

startProcessing "com/chocotweak/core/ChocoTweakMixinPlugin.java" md5: b1455ce6a914c7c17c44d8d6d5566287
endProcessing "com/chocotweak/core/ChocoTweakMixinPlugin.java"

startProcessing "com/chocotweak/core/ContainerAwakementHelper.java" md5: 7f6e26c39f95a7688c6d1cfc673b8603
endProcessing "com/chocotweak/core/ContainerAwakementHelper.java"

startProcessing "com/chocotweak/core/ContainerAwakementTransformer.java" md5: bc8c72e3e952ffb7e3c3ff90cf6abf2c
endProcessing "com/chocotweak/core/ContainerAwakementTransformer.java"

startProcessing "com/chocotweak/core/DialogActionLazyInitTransformer.java" md5: 319d49bad623fd5753961862a3ca5667
endProcessing "com/chocotweak/core/DialogActionLazyInitTransformer.java"

startProcessing "com/chocotweak/core/DialogActionListTransformer.java" md5: ca309d0f8849c7e67c014bd586388cae
endProcessing "com/chocotweak/core/DialogActionListTransformer.java"

startProcessing "com/chocotweak/core/DialogActionSpawnMonsterTransformer.java" md5: 112a528de887ca44d5db83abce73c070
endProcessing "com/chocotweak/core/DialogActionSpawnMonsterTransformer.java"

startProcessing "com/chocotweak/core/GuiAwakementTransformer.java" md5: 40128f6017353361f89764527041cdff
endProcessing "com/chocotweak/core/GuiAwakementTransformer.java"

startProcessing "com/chocotweak/core/TamingHelper.java" md5: 4cc5b55815267c56826e4e0d46c2519a
endProcessing "com/chocotweak/core/TamingHelper.java"

startProcessing "com/chocotweak/dialog/DialogActionAddAwakening.java" md5: f43bf53a8e42560f77c9d33d10daebca
endProcessing "com/chocotweak/dialog/DialogActionAddAwakening.java"

startProcessing "com/chocotweak/dialog/DialogActionBuyCreature.java" md5: f038f6f390d07b4d0ee18772f61ae5b9
endProcessing "com/chocotweak/dialog/DialogActionBuyCreature.java"

startProcessing "com/chocotweak/dialog/DialogActionBuyTamedCreature.java" md5: 81894476b292791b1f5ca49d79007ba3
endProcessing "com/chocotweak/dialog/DialogActionBuyTamedCreature.java"

startProcessing "com/chocotweak/dialog/DialogActionEnchantItem.java" md5: 0759b19c398d2cfad119f88bf73f581b
endProcessing "com/chocotweak/dialog/DialogActionEnchantItem.java"

startProcessing "com/chocotweak/dialog/DialogActionEnchantService.java" md5: 84fac12d64f206792a6a3d8134e98b32
endProcessing "com/chocotweak/dialog/DialogActionEnchantService.java"

startProcessing "com/chocotweak/dialog/DialogActionRegistry.java" md5: c3ffb04542a6b072a9151413ed27681a
endProcessing "com/chocotweak/dialog/DialogActionRegistry.java"

startProcessing "com/chocotweak/dialog/DialogActionSelectAwakening.java" md5: db80d271cab9d22184e8a4f10f0fd6c5
endProcessing "com/chocotweak/dialog/DialogActionSelectAwakening.java"

startProcessing "com/chocotweak/enchantment/EnchantmentBeastTamer.java" md5: 84bdf8c84994753f7fd2a4fa234a5819
endProcessing "com/chocotweak/enchantment/EnchantmentBeastTamer.java"

startProcessing "com/chocotweak/enchantment/EnchantmentDragonSlayer.java" md5: 6aa2d7ef0d560a6c0726790d9bcebd0c
endProcessing "com/chocotweak/enchantment/EnchantmentDragonSlayer.java"

startProcessing "com/chocotweak/enchantment/EnchantmentIntimidation.java" md5: 88880e546a41f3aa0f1ba8395e8ab859
endProcessing "com/chocotweak/enchantment/EnchantmentIntimidation.java"

startProcessing "com/chocotweak/enchantment/EnchantmentPermafrost.java" md5: d5a1549320c9dda0eb7f59d02f6e1590
endProcessing "com/chocotweak/enchantment/EnchantmentPermafrost.java"

startProcessing "com/chocotweak/enchantment/EnchantmentSoulHarvest.java" md5: b0375e06a9d91d75fdcd5c7545250444
endProcessing "com/chocotweak/enchantment/EnchantmentSoulHarvest.java"

startProcessing "com/chocotweak/enchantment/EnchantmentVampiric.java" md5: 6f134621484709de063b3a2a7e7b1da2
endProcessing "com/chocotweak/enchantment/EnchantmentVampiric.java"

startProcessing "com/chocotweak/enchantment/ModEnchantments.java" md5: 482cd8b60edbad81a0e7e6b5dcb0a5c9
endProcessing "com/chocotweak/enchantment/ModEnchantments.java"

startProcessing "com/chocotweak/enchantment/NpcExclusiveEnchantment.java" md5: 61d97051af360b23fae696f5a602e3eb
endProcessing "com/chocotweak/enchantment/NpcExclusiveEnchantment.java"

startProcessing "com/chocotweak/geckolib/animation/GeoAnimation.java" md5: d5b5d2b892b1a015392cc3ad455546e7
endProcessing "com/chocotweak/geckolib/animation/GeoAnimation.java"

startProcessing "com/chocotweak/geckolib/animation/GeoAnimationLoader.java" md5: 20a8aee2a14f1ff9911738d258407be1
endProcessing "com/chocotweak/geckolib/animation/GeoAnimationLoader.java"

startProcessing "com/chocotweak/geckolib/animation/GeoAnimationPlayer.java" md5: 47ea234c7b85d56456cc2adb21378cf7
endProcessing "com/chocotweak/geckolib/animation/GeoAnimationPlayer.java"

startProcessing "com/chocotweak/geckolib/animation/GeoBoneAnimation.java" md5: 7c9d2f775a7514db7855065bd1a86ba6
endProcessing "com/chocotweak/geckolib/animation/GeoBoneAnimation.java"

startProcessing "com/chocotweak/geckolib/animation/GeoKeyframe.java" md5: 91d755cb4193da4515a7ad3ac86bfb42
endProcessing "com/chocotweak/geckolib/animation/GeoKeyframe.java"

startProcessing "com/chocotweak/geckolib/animation/YsmAnimationMapper.java" md5: df04875cf2d54196b93c3ad6c2cba029
endProcessing "com/chocotweak/geckolib/animation/YsmAnimationMapper.java"

startProcessing "com/chocotweak/geckolib/loader/GeoModelLoader.java" md5: 8ff32afa9d3fcb9d8e2d7905741ea077
endProcessing "com/chocotweak/geckolib/loader/GeoModelLoader.java"

startProcessing "com/chocotweak/geckolib/render/EquipmentLocatorRenderer.java" md5: 81b5ff725662dd1578b5895c36c1d791
endProcessing "com/chocotweak/geckolib/render/EquipmentLocatorRenderer.java"

startProcessing "com/chocotweak/geckolib/render/GeoModelRenderer.java" md5: 53beaf15ce486021ce2e02d44301266b
endProcessing "com/chocotweak/geckolib/render/GeoModelRenderer.java"

startProcessing "com/chocotweak/geckolib/render/GeoRenderUtils.java" md5: dfaa28373494e1ae43a85db673646af1
endProcessing "com/chocotweak/geckolib/render/GeoRenderUtils.java"

startProcessing "com/chocotweak/geckolib/render/MatrixStack.java" md5: 8ae18f63a0f6bf27c7ff6a24639711a9
endProcessing "com/chocotweak/geckolib/render/MatrixStack.java"

startProcessing "com/chocotweak/geckolib/render/built/CubeUV.java" md5: 78bbecf54c0aa7c74f18d0a44f245f90
endProcessing "com/chocotweak/geckolib/render/built/CubeUV.java"

startProcessing "com/chocotweak/geckolib/render/built/FaceUV.java" md5: e05d3ee8fc80d63f990d84b53fa09a3a
endProcessing "com/chocotweak/geckolib/render/built/FaceUV.java"

startProcessing "com/chocotweak/geckolib/render/built/GeoBone.java" md5: 7f1c78bd7de43516abe2660447212c22
endProcessing "com/chocotweak/geckolib/render/built/GeoBone.java"

startProcessing "com/chocotweak/geckolib/render/built/GeoCube.java" md5: 929f2eccd0a8e4ea686ccdfc8c16fa44
endProcessing "com/chocotweak/geckolib/render/built/GeoCube.java"

startProcessing "com/chocotweak/geckolib/render/built/GeoModel.java" md5: fe204e2df9f1e3bc5af1417b70e1d561
endProcessing "com/chocotweak/geckolib/render/built/GeoModel.java"

startProcessing "com/chocotweak/geckolib/render/built/GeoQuad.java" md5: f7c5b432cde6060c8526a09fa6aff1b3
endProcessing "com/chocotweak/geckolib/render/built/GeoQuad.java"

startProcessing "com/chocotweak/geckolib/render/built/GeoVertex.java" md5: e955851fe4a0cf6c49ac819972ba936e
endProcessing "com/chocotweak/geckolib/render/built/GeoVertex.java"

startProcessing "com/chocotweak/gui/ChocoTweakGuiHandler.java" md5: 4207d1b09dd07fd70f67761c4f2f6ec1
endProcessing "com/chocotweak/gui/ChocoTweakGuiHandler.java"

startProcessing "com/chocotweak/gui/ContainerBackpack.java" md5: 98905fef726eae4005753bf948557f17
endProcessing "com/chocotweak/gui/ContainerBackpack.java"

startProcessing "com/chocotweak/gui/GuiBackpack.java" md5: c2524a99e783c27b04681aa076e23874
endProcessing "com/chocotweak/gui/GuiBackpack.java"

startProcessing "com/chocotweak/gui/GuiSelectCreature.java" md5: f5b5fc59a5cf76147504286f33c3039e
endProcessing "com/chocotweak/gui/GuiSelectCreature.java"

startProcessing "com/chocotweak/gui/GuiSelectEnchantment.java" md5: 10fd74afc4f05ccab774094b2e104f4c
endProcessing "com/chocotweak/gui/GuiSelectEnchantment.java"

startProcessing "com/chocotweak/handler/AbyssWalkerArmorHandler.java" md5: e95df119a3285e98b4bdeb03b8b067bf
endProcessing "com/chocotweak/handler/AbyssWalkerArmorHandler.java"

startProcessing "com/chocotweak/handler/ArmorEffectHandler.java" md5: 5c5f827b6a849311f44bb76e542c6d1a
endProcessing "com/chocotweak/handler/ArmorEffectHandler.java"

startProcessing "com/chocotweak/handler/CloudBootsMultiJumpHandler.java" md5: 71b051b993d0a3fc084bb70594fcd83e
endProcessing "com/chocotweak/handler/CloudBootsMultiJumpHandler.java"

startProcessing "com/chocotweak/handler/DungeonProtectionHandler.java" md5: e7b64d18b1fe56c976c58c7e11038cfa
endProcessing "com/chocotweak/handler/DungeonProtectionHandler.java"

startProcessing "com/chocotweak/handler/ElementEnhanceHandler.java" md5: 6c3c8be1d8e9576d2f922d15838de772
endProcessing "com/chocotweak/handler/ElementEnhanceHandler.java"

startProcessing "com/chocotweak/handler/EnchantmentEventHandler.java" md5: 5cbc0107020c98c232d31a6281d3620b
endProcessing "com/chocotweak/handler/EnchantmentEventHandler.java"

startProcessing "com/chocotweak/handler/HookSwordFallHandler.java" md5: d29276876747da017e45c9ba0c780b18
endProcessing "com/chocotweak/handler/HookSwordFallHandler.java"

startProcessing "com/chocotweak/handler/LightRangeHandler.java" md5: e687a3cc8b1ac53f30075b1dee3b211b
endProcessing "com/chocotweak/handler/LightRangeHandler.java"

startProcessing "com/chocotweak/handler/MonkingSwordShieldHandler.java" md5: eeec4ab78a4f5fa3148939f0ead6a393
endProcessing "com/chocotweak/handler/MonkingSwordShieldHandler.java"

startProcessing "com/chocotweak/handler/NpcSpellAwakeningHandler.java" md5: 0247aab52d423e486ee79228e6c234d6
endProcessing "com/chocotweak/handler/NpcSpellAwakeningHandler.java"

startProcessing "com/chocotweak/handler/RobeArmorEffectHandler.java" md5: 89388d4988507121a5630c92ea9abc66
endProcessing "com/chocotweak/handler/RobeArmorEffectHandler.java"

startProcessing "com/chocotweak/handler/ShieldAttackHandler.java" md5: 72ffaf80a7da076b18d83e36ed30aff2
endProcessing "com/chocotweak/handler/ShieldAttackHandler.java"

startProcessing "com/chocotweak/handler/SpecialItemHandler.java" md5: 77c923bc9a063ad489d53fa714e4ab8d
endProcessing "com/chocotweak/handler/SpecialItemHandler.java"

startProcessing "com/chocotweak/handler/SpellEffectHandler.java" md5: adcee916d66f318e7a96e49412ae3943
endProcessing "com/chocotweak/handler/SpellEffectHandler.java"

startProcessing "com/chocotweak/handler/SummonedCreatureHandler.java" md5: 20581ee5713e5e8840d459f54908efe4
endProcessing "com/chocotweak/handler/SummonedCreatureHandler.java"

startProcessing "com/chocotweak/handler/TricksterDaggerHandler.java" md5: bb2882d5aeebe15441b2ddcb46d1dd44
endProcessing "com/chocotweak/handler/TricksterDaggerHandler.java"

startProcessing "com/chocotweak/magic/AwakementEchoingVoice.java" md5: 62fbc0c61abbd57b6d4988488f9f3082
endProcessing "com/chocotweak/magic/AwakementEchoingVoice.java"

startProcessing "com/chocotweak/magic/AwakementHighSpeedChant.java" md5: ec8fd0f9c472aa89a9595ab33268c805
endProcessing "com/chocotweak/magic/AwakementHighSpeedChant.java"

startProcessing "com/chocotweak/magic/AwakementInstantCast.java" md5: 789e7b8528d7a93a3e3605d4f3b29f0b
endProcessing "com/chocotweak/magic/AwakementInstantCast.java"

startProcessing "com/chocotweak/magic/AwakementLongRange.java" md5: d5d96f25262fdd30786a28b33be7491e
endProcessing "com/chocotweak/magic/AwakementLongRange.java"

startProcessing "com/chocotweak/magic/AwakementManaSurge.java" md5: 43932e55f66f5ac6f7d7e741908edb01
endProcessing "com/chocotweak/magic/AwakementManaSurge.java"

startProcessing "com/chocotweak/magic/AwakementPotionCapacity.java" md5: fe00cda28e3bf0355166cf6fb0354380
endProcessing "com/chocotweak/magic/AwakementPotionCapacity.java"

startProcessing "com/chocotweak/magic/AwakementPotionInfusion.java" md5: 3a5625a306f4f17c8456784105a31c08
endProcessing "com/chocotweak/magic/AwakementPotionInfusion.java"

startProcessing "com/chocotweak/magic/AwakementSpellAmplification.java" md5: 7405a0b0b4198f16fd7d1bde0b84033a
endProcessing "com/chocotweak/magic/AwakementSpellAmplification.java"

startProcessing "com/chocotweak/magic/SpellAwakeningUnlockTracker.java" md5: 2aaac0f3f5e5aad6ff6897fefa88e6b5
endProcessing "com/chocotweak/magic/SpellAwakeningUnlockTracker.java"

startProcessing "com/chocotweak/mixin/MixinArmorTooltip.java" md5: 4cf3c80426c741fb98be849936cec358
endProcessing "com/chocotweak/mixin/MixinArmorTooltip.java"

startProcessing "com/chocotweak/mixin/MixinBagCapacity.java" md5: a1a3d399976e1e63652b8e850b8f6822
endProcessing "com/chocotweak/mixin/MixinBagCapacity.java"

startProcessing "com/chocotweak/mixin/MixinBlockDungeonChestTileEntity.java" md5: 62a4ef5842269e1a92c251b84a2156e7
endProcessing "com/chocotweak/mixin/MixinBlockDungeonChestTileEntity.java"

startProcessing "com/chocotweak/mixin/MixinCommonProxyGui.java" md5: c1d6db9e30929f342e6ddfc5f2b20ee2
endProcessing "com/chocotweak/mixin/MixinCommonProxyGui.java"

startProcessing "com/chocotweak/mixin/MixinContainerAwakement.java" md5: c711201d56b789e1703d3a552cfe77d4
endProcessing "com/chocotweak/mixin/MixinContainerAwakement.java"

startProcessing "com/chocotweak/mixin/MixinDaggerCritical.java" md5: 64546373e990e3b96b182d2bf3ff4e4c
endProcessing "com/chocotweak/mixin/MixinDaggerCritical.java"

startProcessing "com/chocotweak/mixin/MixinDaggerTooltip.java" md5: 9c03355205d360086812344840ce53ff
endProcessing "com/chocotweak/mixin/MixinDaggerTooltip.java"

startProcessing "com/chocotweak/mixin/MixinDialogActionList.java" md5: 9a91797e498778b91d5708b4207099bf
endProcessing "com/chocotweak/mixin/MixinDialogActionList.java"

startProcessing "com/chocotweak/mixin/MixinDialogActionSpawnMonster.java" md5: 538fd2bc9c828e2df1f8eb87c5f4b4c9
endProcessing "com/chocotweak/mixin/MixinDialogActionSpawnMonster.java"

startProcessing "com/chocotweak/mixin/MixinDialogManagerEncoding.java" md5: b086b2886a008d92b5efb891609a5efd
endProcessing "com/chocotweak/mixin/MixinDialogManagerEncoding.java"

startProcessing "com/chocotweak/mixin/MixinEntityHumanBaseEasterEgg.java" md5: 19b8554dab9bbe2168f68aa849fafcdd
endProcessing "com/chocotweak/mixin/MixinEntityHumanBaseEasterEgg.java"

startProcessing "com/chocotweak/mixin/MixinEntityHumanBaseMount.java" md5: 0f568d01875a029a71b41a9d63a2279c
endProcessing "com/chocotweak/mixin/MixinEntityHumanBaseMount.java"

startProcessing "com/chocotweak/mixin/MixinEntityHumanBaseXP.java" md5: f7120d332bd64d9135902e9d1762c19c
endProcessing "com/chocotweak/mixin/MixinEntityHumanBaseXP.java"

startProcessing "com/chocotweak/mixin/MixinEntityHumanMob.java" md5: 3170b743c04b8e982b2ddbc4160503b2
endProcessing "com/chocotweak/mixin/MixinEntityHumanMob.java"

startProcessing "com/chocotweak/mixin/MixinEnumEnchantType.java" md5: 5f633afa0df3a136194ee82b09730aaa
endProcessing "com/chocotweak/mixin/MixinEnumEnchantType.java"

startProcessing "com/chocotweak/mixin/MixinEventHandlerCQ.java" md5: 64384d8f6df4e6624c47149e74296cdc
endProcessing "com/chocotweak/mixin/MixinEventHandlerCQ.java"

startProcessing "com/chocotweak/mixin/MixinGuiAwakement.java" md5: 59d5d0549aaf080be136e1fdeaa88188
endProcessing "com/chocotweak/mixin/MixinGuiAwakement.java"

startProcessing "com/chocotweak/mixin/MixinGuiAwakementAction.java" md5: 435166a4d7baf31223ae10beef76b8b9
endProcessing "com/chocotweak/mixin/MixinGuiAwakementAction.java"

startProcessing "com/chocotweak/mixin/MixinGuiButtonDisplayString.java" md5: e4a17b27cf28bb77061ba4fc48a256fe
endProcessing "com/chocotweak/mixin/MixinGuiButtonDisplayString.java"

startProcessing "com/chocotweak/mixin/MixinGuiEditNpc.java" md5: 3e072b3ab2ae61bf54472c4dd350f418
endProcessing "com/chocotweak/mixin/MixinGuiEditNpc.java"

startProcessing "com/chocotweak/mixin/MixinGuiLinked.java" md5: 280754d1a540fe248cd0e85c351199e5
endProcessing "com/chocotweak/mixin/MixinGuiLinked.java"

startProcessing "com/chocotweak/mixin/MixinGuiNPC.java" md5: cdd9b28df62352cfe4648f39d4ccb1db
endProcessing "com/chocotweak/mixin/MixinGuiNPC.java"

startProcessing "com/chocotweak/mixin/MixinGuiNPCReaction.java" md5: b77fffb16f4f273d294a594c65a671b6
endProcessing "com/chocotweak/mixin/MixinGuiNPCReaction.java"

startProcessing "com/chocotweak/mixin/MixinGunDamage.java" md5: fc17f18aec8e941a8a18a7ed56f047dc
endProcessing "com/chocotweak/mixin/MixinGunDamage.java"

startProcessing "com/chocotweak/mixin/MixinHelperDamageSource.java" md5: 6efe6a617ffe600fd855993787919210
endProcessing "com/chocotweak/mixin/MixinHelperDamageSource.java"

startProcessing "com/chocotweak/mixin/MixinItemStaffBaseAwakenings.java" md5: 1c073a542d9b360d1c0801b286989b6b
endProcessing "com/chocotweak/mixin/MixinItemStaffBaseAwakenings.java"

startProcessing "com/chocotweak/mixin/MixinItemSwordTurtle.java" md5: 2d868831c0a9f7600ef7ef8133c84947
endProcessing "com/chocotweak/mixin/MixinItemSwordTurtle.java"

startProcessing "com/chocotweak/mixin/MixinKingArmorTooltip.java" md5: b487f72425d3b736c998204f0a12ef72
endProcessing "com/chocotweak/mixin/MixinKingArmorTooltip.java"

startProcessing "com/chocotweak/mixin/MixinLayerArmorBase.java" md5: fe7e23066b4fe9399b6ab4b29bfe86f6
endProcessing "com/chocotweak/mixin/MixinLayerArmorBase.java"

startProcessing "com/chocotweak/mixin/MixinLayerBipedShield.java" md5: 792a01b4c21e17677e658ab80d378652
endProcessing "com/chocotweak/mixin/MixinLayerBipedShield.java"

startProcessing "com/chocotweak/mixin/MixinLayerHeldItem.java" md5: a87d89099a8601768f60c7371482a4e4
endProcessing "com/chocotweak/mixin/MixinLayerHeldItem.java"

startProcessing "com/chocotweak/mixin/MixinLayerHeldItemHuman.java" md5: dab30cd745bd74e992866d7f80a33479
endProcessing "com/chocotweak/mixin/MixinLayerHeldItemHuman.java"

startProcessing "com/chocotweak/mixin/MixinMonkingSword.java" md5: dec1fbbe62ccbd20aa654f7873bc7b6e
endProcessing "com/chocotweak/mixin/MixinMonkingSword.java"

startProcessing "com/chocotweak/mixin/MixinMonkingSwordShield.java" md5: 55099cd809fc0b72f68c944506f253ef
endProcessing "com/chocotweak/mixin/MixinMonkingSwordShield.java"

startProcessing "com/chocotweak/mixin/MixinMonkingTooltip.java" md5: c8354018aa8ef6b82c1b48bb4dc38547
endProcessing "com/chocotweak/mixin/MixinMonkingTooltip.java"

startProcessing "com/chocotweak/mixin/MixinNpcTargetFilter.java" md5: 19853a73602592a442313fa9ac0cb49b
endProcessing "com/chocotweak/mixin/MixinNpcTargetFilter.java"

startProcessing "com/chocotweak/mixin/MixinPlayerControllerAttack.java" md5: b96eefba4b37b40b79d4b6079e71b12c
endProcessing "com/chocotweak/mixin/MixinPlayerControllerAttack.java"

startProcessing "com/chocotweak/mixin/MixinRenderHumanEasterEgg.java" md5: 6d6fce9d6c007d54884d17325a21eaa8
endProcessing "com/chocotweak/mixin/MixinRenderHumanEasterEgg.java"

startProcessing "com/chocotweak/mixin/MixinSpellAwakeningEffects.java" md5: e98ed7d5ad6b460bfbdce954ea36d860
endProcessing "com/chocotweak/mixin/MixinSpellAwakeningEffects.java"

startProcessing "com/chocotweak/mixin/MixinSpellBeam.java" md5: 48e45199234dc3061512157e52068334
endProcessing "com/chocotweak/mixin/MixinSpellBeam.java"

startProcessing "com/chocotweak/mixin/MixinSpellMiner.java" md5: 8b69a7d55ba649cc8e196cba3fdef45c
endProcessing "com/chocotweak/mixin/MixinSpellMiner.java"

startProcessing "com/chocotweak/mixin/MixinSpellSpray.java" md5: 6b7f97afc4071516c188e3de425db2d7
endProcessing "com/chocotweak/mixin/MixinSpellSpray.java"

startProcessing "com/chocotweak/mixin/MixinSpellStats.java" md5: 4fd6dee5f9e6ccecc5f63671d6e0c781
endProcessing "com/chocotweak/mixin/MixinSpellStats.java"

startProcessing "com/chocotweak/mixin/MixinSpellStorm.java" md5: 43851f8bc74b23b9a82c3439498bb77b
endProcessing "com/chocotweak/mixin/MixinSpellStorm.java"

startProcessing "com/chocotweak/mixin/MixinSpellSummonElemental.java" md5: bd8f3bd813b8a9767c83cfd8c99cd666
endProcessing "com/chocotweak/mixin/MixinSpellSummonElemental.java"

startProcessing "com/chocotweak/mixin/MixinSpellTeleport.java" md5: ebc427c2a1a25a3c4e11abed69defbba
endProcessing "com/chocotweak/mixin/MixinSpellTeleport.java"

startProcessing "com/chocotweak/mixin/MixinStaffAwakeningEffects.java" md5: 64bceccab4ec634852a34c7669f8d6c6
endProcessing "com/chocotweak/mixin/MixinStaffAwakeningEffects.java"

startProcessing "com/chocotweak/mixin/MixinStaffContinuousCast.java" md5: 37a1a00c6651c38c926563acaaf2346b
endProcessing "com/chocotweak/mixin/MixinStaffContinuousCast.java"

startProcessing "com/chocotweak/mixin/MixinSwordShieldBlock.java" md5: 845ec3b8192ed377b99f546671c8b18e
endProcessing "com/chocotweak/mixin/MixinSwordShieldBlock.java"

startProcessing "com/chocotweak/mixin/MixinSwordShieldTooltip.java" md5: 4fb83cd5a26b2460d2520d8a4701bd4a
endProcessing "com/chocotweak/mixin/MixinSwordShieldTooltip.java"

startProcessing "com/chocotweak/mixin/MixinTerrainManager.java" md5: 1d2a78d43f2e8aafe5c3f9db36605e3c
endProcessing "com/chocotweak/mixin/MixinTerrainManager.java"

startProcessing "com/chocotweak/mixin/MixinWeaponStats.java" md5: c947658483f45b0ae8c30246fd6449e2
endProcessing "com/chocotweak/mixin/MixinWeaponStats.java"

startProcessing "com/chocotweak/mixin/MixinWeaponTooltip.java" md5: e8899064b85cb0fdf95bb923633d61d4
endProcessing "com/chocotweak/mixin/MixinWeaponTooltip.java"

startProcessing "com/chocotweak/mixin/MixinWorldGeneratorNew.java" md5: bdebc4573f82bdd053de380f5972532d
endProcessing "com/chocotweak/mixin/MixinWorldGeneratorNew.java"

startProcessing "com/chocotweak/mount/MountFriendlyFireHandler.java" md5: 16cf664a899a76549d7db524f1f7e14f
endProcessing "com/chocotweak/mount/MountFriendlyFireHandler.java"

startProcessing "com/chocotweak/network/ChocoNetwork.java" md5: cb47633cb0073ae1c52f433602791911
endProcessing "com/chocotweak/network/ChocoNetwork.java"

startProcessing "com/chocotweak/network/PacketClearSpellCD.java" md5: 86302c4fb99b8d940bfdfff59d1fa946
endProcessing "com/chocotweak/network/PacketClearSpellCD.java"

startProcessing "com/chocotweak/network/PacketClearSpellCDHandler.java" md5: 651db43e801f02bc7f4c6cccf1aea470
endProcessing "com/chocotweak/network/PacketClearSpellCDHandler.java"

startProcessing "com/chocotweak/network/PacketEasterEggSync.java" md5: de095ae0a39a1d3a6219a3f56a78ae3c
endProcessing "com/chocotweak/network/PacketEasterEggSync.java"

startProcessing "com/chocotweak/network/PacketEasterEggSyncToClient.java" md5: 4f36f9beb9b7cf29913ae0a0a77a71ec
endProcessing "com/chocotweak/network/PacketEasterEggSyncToClient.java"

startProcessing "com/chocotweak/network/PacketShieldAttack.java" md5: 14e18efd5974643bf0709216d095611e
endProcessing "com/chocotweak/network/PacketShieldAttack.java"

startProcessing "com/chocotweak/network/PacketShieldAttackHandler.java" md5: 0d184e3680a4f5f9193b069b6028fab2
endProcessing "com/chocotweak/network/PacketShieldAttackHandler.java"

startProcessing "com/chocotweak/network/PacketSwapSpellSlot.java" md5: 3bb34eb505c807d4d09221b2a5c5b117
endProcessing "com/chocotweak/network/PacketSwapSpellSlot.java"

startProcessing "com/chocotweak/network/PacketSwapSpellSlotHandler.java" md5: d64c7c27ec171f81d0bb3119c750e2a7
endProcessing "com/chocotweak/network/PacketSwapSpellSlotHandler.java"

startProcessing "com/chocotweak/potion/PotionDungeonExplorer.java" md5: f4664f6012ea95f1fa23379d9aab2bff
endProcessing "com/chocotweak/potion/PotionDungeonExplorer.java"

startProcessing "com/chocotweak/potion/PotionMagicVulnerability.java" md5: 9cf4c5e97eba9e953cef2c1e0dec5c43
endProcessing "com/chocotweak/potion/PotionMagicVulnerability.java"

startProcessing "com/chocotweak/potion/PotionRegistry.java" md5: 3c9b04a2373a2ee652688d296e55b5c2
endProcessing "com/chocotweak/potion/PotionRegistry.java"

startProcessing "com/chocotweak/potion/PotionStun.java" md5: 82163c7d57c9ffd9d84119d667a4362f
endProcessing "com/chocotweak/potion/PotionStun.java"

startProcessing "com/chocotweak/potion/PotionWound.java" md5: 0f4f0dbc0f828b1d955d3672896f0b9d
endProcessing "com/chocotweak/potion/PotionWound.java"

startProcessing "com/chocotweak/quest/DialogActionEditEquipment.java" md5: 5e6fe8eb63fcc4b6d775674773503cfd
endProcessing "com/chocotweak/quest/DialogActionEditEquipment.java"

startProcessing "com/chocotweak/util/CQItemHelper.java" md5: 40e0c2cca472f14fb55fa527d340665b
endProcessing "com/chocotweak/util/CQItemHelper.java"

startProcessing "com/chocotweak/util/DialogActionTranslator.java" md5: 0615c1815987fe5f3440af274cde97c3
endProcessing "com/chocotweak/util/DialogActionTranslator.java"

startProcessing "com/chocotweak/weapon/WeaponEventHandler.java" md5: 749cb50bfd2fb157187fcdec673b472f
endProcessing "com/chocotweak/weapon/WeaponEventHandler.java"

startProcessing "com/chocotweak/weapon/WeaponStatModifier.java" md5: 94cb45d7f1eda5f60c382748316feb0a
endProcessing "com/chocotweak/weapon/WeaponStatModifier.java"

